000 (14579589.012.000) 11/17 21:40:14 Job submitted from host: <188.184.90.241:9618?addrs=188.184.90.241-9618+[2001-1458-201-e4--100-2eb]-9618&alias=bigbird15.cern.ch&noUDP&sock=schedd_2206_b603>
...
040 (14579589.012.000) 11/17 21:44:36 Started transferring input files
	Transferring to host: <188.185.103.78:9618?addrs=188.185.103.78-9618+[2001-1458-d00-60--100-4a]-9618&alias=b7g28p8056.cern.ch&noUDP&sock=slot1_6_20919_13ec_2292>
...
001 (14579589.012.000) 11/17 21:44:36 Job executing on host: <188.185.103.78:9618?addrs=188.185.103.78-9618+[2001-1458-d00-60--100-4a]-9618&alias=b7g28p8056.cern.ch&noUDP&sock=startd_2411_52ed>
...
040 (14579589.012.000) 11/17 21:44:36 Finished transferring input files
...
006 (14579589.012.000) 11/17 21:44:45 Image size of job updated: 234828
	116  -  MemoryUsage of job (MB)
	118080  -  ResidentSetSize of job (KB)
...
006 (14579589.012.000) 11/17 21:44:49 Image size of job updated: 235308
	116  -  MemoryUsage of job (MB)
	118132  -  ResidentSetSize of job (KB)
...
040 (14579589.012.000) 11/17 21:44:49 Started transferring output files
...
040 (14579589.012.000) 11/17 21:44:49 Finished transferring output files
...
005 (14579589.012.000) 11/17 21:44:49 Job terminated.
	(1) Normal termination (return value 50)
		Usr 0 00:00:02, Sys 0 00:00:00  -  Run Remote Usage
		Usr 0 00:00:00, Sys 0 00:00:00  -  Run Local Usage
		Usr 0 00:00:02, Sys 0 00:00:00  -  Total Remote Usage
		Usr 0 00:00:00, Sys 0 00:00:00  -  Total Local Usage
	1396  -  Run Bytes Sent By Job
	883  -  Run Bytes Received By Job
	1396  -  Total Bytes Sent By Job
	883  -  Total Bytes Received By Job
	Partitionable Resources :    Usage  Request Allocated 
	   Cpus                 :                 1         1 
	   Disk (KB)            :       21        1   1441691 
	   Memory (MB)          :      116     2000      2000 

	Job terminated of its own accord at 2022-11-17T20:44:49Z.
...
