000 (14579589.014.000) 11/17 21:40:14 Job submitted from host: <188.184.90.241:9618?addrs=188.184.90.241-9618+[2001-1458-201-e4--100-2eb]-9618&alias=bigbird15.cern.ch&noUDP&sock=schedd_2206_b603>
...
040 (14579589.014.000) 11/17 21:44:39 Started transferring input files
	Transferring to host: <128.142.192.165:9618?addrs=128.142.192.165-9618+[2001-1458-301-56--100-21]-9618&alias=b7g18p7623.cern.ch&noUDP&sock=slot1_32_712_6b16_41896>
...
040 (14579589.014.000) 11/17 21:44:39 Finished transferring input files
...
001 (14579589.014.000) 11/17 21:44:39 Job executing on host: <128.142.192.165:9618?addrs=128.142.192.165-9618+[2001-1458-301-56--100-21]-9618&alias=b7g18p7623.cern.ch&noUDP&sock=startd_675_9284>
...
006 (14579589.014.000) 11/17 21:44:48 Image size of job updated: 143152
	36  -  MemoryUsage of job (MB)
	35976  -  ResidentSetSize of job (KB)
...
006 (14579589.014.000) 11/17 21:45:00 Image size of job updated: 1020876
	36  -  MemoryUsage of job (MB)
	35976  -  ResidentSetSize of job (KB)
...
040 (14579589.014.000) 11/17 21:45:00 Started transferring output files
...
040 (14579589.014.000) 11/17 21:45:00 Finished transferring output files
...
005 (14579589.014.000) 11/17 21:45:00 Job terminated.
	(1) Normal termination (return value 50)
		Usr 0 00:00:04, Sys 0 00:00:02  -  Run Remote Usage
		Usr 0 00:00:00, Sys 0 00:00:00  -  Run Local Usage
		Usr 0 00:00:04, Sys 0 00:00:02  -  Total Remote Usage
		Usr 0 00:00:00, Sys 0 00:00:00  -  Total Local Usage
	1396  -  Run Bytes Sent By Job
	883  -  Run Bytes Received By Job
	1396  -  Total Bytes Sent By Job
	883  -  Total Bytes Received By Job
	Partitionable Resources :    Usage  Request Allocated 
	   Cpus                 :                 1         1 
	   Disk (KB)            :       21        1   3077582 
	   Memory (MB)          :       36     2000      2000 

	Job terminated of its own accord at 2022-11-17T20:45:00Z.
...
