000 (14579589.013.000) 11/17 21:40:14 Job submitted from host: <188.184.90.241:9618?addrs=188.184.90.241-9618+[2001-1458-201-e4--100-2eb]-9618&alias=bigbird15.cern.ch&noUDP&sock=schedd_2206_b603>
...
040 (14579589.013.000) 11/17 21:44:35 Started transferring input files
	Transferring to host: <188.185.103.12:9618?addrs=188.185.103.12-9618+[2001-1458-d00-60--100-8]-9618&alias=b7g28p0224.cern.ch&noUDP&sock=slot1_6_8307_c86b_68521>
...
040 (14579589.013.000) 11/17 21:44:35 Finished transferring input files
...
001 (14579589.013.000) 11/17 21:44:35 Job executing on host: <188.185.103.12:9618?addrs=188.185.103.12-9618+[2001-1458-d00-60--100-8]-9618&alias=b7g28p0224.cern.ch&noUDP&sock=startd_2388_8c3f>
...
006 (14579589.013.000) 11/17 21:44:42 Image size of job updated: 287708
	0  -  MemoryUsage of job (MB)
	0  -  ResidentSetSize of job (KB)
...
040 (14579589.013.000) 11/17 21:44:42 Started transferring output files
...
040 (14579589.013.000) 11/17 21:44:42 Finished transferring output files
...
005 (14579589.013.000) 11/17 21:44:42 Job terminated.
	(1) Normal termination (return value 50)
		Usr 0 00:00:02, Sys 0 00:00:00  -  Run Remote Usage
		Usr 0 00:00:00, Sys 0 00:00:00  -  Run Local Usage
		Usr 0 00:00:02, Sys 0 00:00:00  -  Total Remote Usage
		Usr 0 00:00:00, Sys 0 00:00:00  -  Total Local Usage
	1396  -  Run Bytes Sent By Job
	883  -  Run Bytes Received By Job
	1396  -  Total Bytes Sent By Job
	883  -  Total Bytes Received By Job
	Partitionable Resources :    Usage  Request Allocated 
	   Cpus                 :                 1         1 
	   Disk (KB)            :       21        1   1459449 
	   Memory (MB)          :        0     2000      2000 

	Job terminated of its own accord at 2022-11-17T20:44:42Z.
...
