000 (14579589.001.000) 11/17 21:40:14 Job submitted from host: <188.184.90.241:9618?addrs=188.184.90.241-9618+[2001-1458-201-e4--100-2eb]-9618&alias=bigbird15.cern.ch&noUDP&sock=schedd_2206_b603>
...
040 (14579589.001.000) 11/17 21:44:33 Started transferring input files
	Transferring to host: <128.142.61.81:9618?addrs=128.142.61.81-9618+[2001-1458-301-23--100-50]-9618&alias=b7s06p7482.cern.ch&noUDP&sock=slot1_12_3942_3ed9_2364>
...
040 (14579589.001.000) 11/17 21:44:33 Finished transferring input files
...
001 (14579589.001.000) 11/17 21:44:33 Job executing on host: <128.142.61.81:9618?addrs=128.142.61.81-9618+[2001-1458-301-23--100-50]-9618&alias=b7s06p7482.cern.ch&noUDP&sock=startd_3882_4ebd>
...
006 (14579589.001.000) 11/17 21:44:42 Image size of job updated: 523360
	116  -  MemoryUsage of job (MB)
	118056  -  ResidentSetSize of job (KB)
...
040 (14579589.001.000) 11/17 21:44:45 Started transferring output files
...
040 (14579589.001.000) 11/17 21:44:45 Finished transferring output files
...
005 (14579589.001.000) 11/17 21:44:45 Job terminated.
	(1) Normal termination (return value 50)
		Usr 0 00:00:01, Sys 0 00:00:00  -  Run Remote Usage
		Usr 0 00:00:00, Sys 0 00:00:00  -  Run Local Usage
		Usr 0 00:00:01, Sys 0 00:00:00  -  Total Remote Usage
		Usr 0 00:00:00, Sys 0 00:00:00  -  Total Local Usage
	1389  -  Run Bytes Sent By Job
	883  -  Run Bytes Received By Job
	1389  -  Total Bytes Sent By Job
	883  -  Total Bytes Received By Job
	Partitionable Resources :    Usage  Request Allocated 
	   Cpus                 :                 1         1 
	   Disk (KB)            :       21        1   1309934 
	   Memory (MB)          :      116     2000      2000 

	Job terminated of its own accord at 2022-11-17T20:44:45Z.
...
