000 (14579589.015.000) 11/17 21:40:14 Job submitted from host: <188.184.90.241:9618?addrs=188.184.90.241-9618+[2001-1458-201-e4--100-2eb]-9618&alias=bigbird15.cern.ch&noUDP&sock=schedd_2206_b603>
...
040 (14579589.015.000) 11/17 21:44:38 Started transferring input files
	Transferring to host: <128.142.192.145:9618?addrs=128.142.192.145-9618+[2001-1458-301-56--100-d]-9618&alias=b7g18p6819.cern.ch&noUDP&sock=slot1_38_4574_8bf3_31702>
...
001 (14579589.015.000) 11/17 21:44:38 Job executing on host: <128.142.192.145:9618?addrs=128.142.192.145-9618+[2001-1458-301-56--100-d]-9618&alias=b7g18p6819.cern.ch&noUDP&sock=startd_4427_21db>
...
040 (14579589.015.000) 11/17 21:44:38 Finished transferring input files
...
006 (14579589.015.000) 11/17 21:44:46 Image size of job updated: 267980
	137  -  MemoryUsage of job (MB)
	139464  -  ResidentSetSize of job (KB)
...
006 (14579589.015.000) 11/17 21:44:48 Image size of job updated: 268020
	137  -  MemoryUsage of job (MB)
	139504  -  ResidentSetSize of job (KB)
...
040 (14579589.015.000) 11/17 21:44:48 Started transferring output files
...
040 (14579589.015.000) 11/17 21:44:48 Finished transferring output files
...
005 (14579589.015.000) 11/17 21:44:48 Job terminated.
	(1) Normal termination (return value 50)
		Usr 0 00:00:02, Sys 0 00:00:01  -  Run Remote Usage
		Usr 0 00:00:00, Sys 0 00:00:00  -  Run Local Usage
		Usr 0 00:00:02, Sys 0 00:00:01  -  Total Remote Usage
		Usr 0 00:00:00, Sys 0 00:00:00  -  Total Local Usage
	1396  -  Run Bytes Sent By Job
	883  -  Run Bytes Received By Job
	1396  -  Total Bytes Sent By Job
	883  -  Total Bytes Received By Job
	Partitionable Resources :    Usage  Request Allocated 
	   Cpus                 :                 1         1 
	   Disk (KB)            :       21        1   3056386 
	   Memory (MB)          :      137     2000      2000 

	Job terminated of its own accord at 2022-11-17T20:44:48Z.
...
