000 (14579589.007.000) 11/17 21:40:14 Job submitted from host: <188.184.90.241:9618?addrs=188.184.90.241-9618+[2001-1458-201-e4--100-2eb]-9618&alias=bigbird15.cern.ch&noUDP&sock=schedd_2206_b603>
...
040 (14579589.007.000) 11/17 21:44:35 Started transferring input files
	Transferring to host: <188.184.162.188:9618?addrs=188.184.162.188-9618+[2001-1458-301-4a--100-b6]-9618&alias=b7s11p2067.cern.ch&noUDP&sock=slot1_44_3978_9c5b_26225>
...
040 (14579589.007.000) 11/17 21:44:35 Finished transferring input files
...
001 (14579589.007.000) 11/17 21:44:35 Job executing on host: <188.184.162.188:9618?addrs=188.184.162.188-9618+[2001-1458-301-4a--100-b6]-9618&alias=b7s11p2067.cern.ch&noUDP&sock=startd_3185_393b>
...
006 (14579589.007.000) 11/17 21:44:44 Image size of job updated: 808144
	31  -  MemoryUsage of job (MB)
	31512  -  ResidentSetSize of job (KB)
...
006 (14579589.007.000) 11/17 21:44:58 Image size of job updated: 808144
	32  -  MemoryUsage of job (MB)
	32440  -  ResidentSetSize of job (KB)
...
040 (14579589.007.000) 11/17 21:44:58 Started transferring output files
...
040 (14579589.007.000) 11/17 21:44:58 Finished transferring output files
...
005 (14579589.007.000) 11/17 21:44:58 Job terminated.
	(1) Normal termination (return value 50)
		Usr 0 00:00:03, Sys 0 00:00:01  -  Run Remote Usage
		Usr 0 00:00:00, Sys 0 00:00:00  -  Run Local Usage
		Usr 0 00:00:03, Sys 0 00:00:01  -  Total Remote Usage
		Usr 0 00:00:00, Sys 0 00:00:00  -  Total Local Usage
	1389  -  Run Bytes Sent By Job
	883  -  Run Bytes Received By Job
	1389  -  Total Bytes Sent By Job
	883  -  Total Bytes Received By Job
	Partitionable Resources :    Usage  Request Allocated 
	   Cpus                 :                 1         1 
	   Disk (KB)            :       21        1   3063840 
	   Memory (MB)          :       32     2000      2000 

	Job terminated of its own accord at 2022-11-17T20:44:58Z.
...
