000 (14579589.008.000) 11/17 21:40:14 Job submitted from host: <188.184.90.241:9618?addrs=188.184.90.241-9618+[2001-1458-201-e4--100-2eb]-9618&alias=bigbird15.cern.ch&noUDP&sock=schedd_2206_b603>
...
040 (14579589.008.000) 11/17 21:44:35 Started transferring input files
	Transferring to host: <188.184.163.70:9618?addrs=188.184.163.70-9618+[2001-1458-301-4d--100-40]-9618&alias=b7s12p5100.cern.ch&noUDP&sock=slot1_5_12017_d042_1775>
...
040 (14579589.008.000) 11/17 21:44:35 Finished transferring input files
...
001 (14579589.008.000) 11/17 21:44:35 Job executing on host: <188.184.163.70:9618?addrs=188.184.163.70-9618+[2001-1458-301-4d--100-40]-9618&alias=b7s12p5100.cern.ch&noUDP&sock=startd_11494_81a6>
...
006 (14579589.008.000) 11/17 21:44:44 Image size of job updated: 357888
	18  -  MemoryUsage of job (MB)
	17768  -  ResidentSetSize of job (KB)
...
006 (14579589.008.000) 11/17 21:45:13 Image size of job updated: 954912
	18  -  MemoryUsage of job (MB)
	17768  -  ResidentSetSize of job (KB)
...
040 (14579589.008.000) 11/17 21:45:13 Started transferring output files
...
040 (14579589.008.000) 11/17 21:45:13 Finished transferring output files
...
005 (14579589.008.000) 11/17 21:45:13 Job terminated.
	(1) Normal termination (return value 50)
		Usr 0 00:00:04, Sys 0 00:00:01  -  Run Remote Usage
		Usr 0 00:00:00, Sys 0 00:00:00  -  Run Local Usage
		Usr 0 00:00:04, Sys 0 00:00:01  -  Total Remote Usage
		Usr 0 00:00:00, Sys 0 00:00:00  -  Total Local Usage
	1391  -  Run Bytes Sent By Job
	883  -  Run Bytes Received By Job
	1391  -  Total Bytes Sent By Job
	883  -  Total Bytes Received By Job
	Partitionable Resources :    Usage  Request Allocated 
	   Cpus                 :                 1         1 
	   Disk (KB)            :       21        1   3083581 
	   Memory (MB)          :       18     2000      2000 

	Job terminated of its own accord at 2022-11-17T20:45:13Z.
...
