000 (14579589.006.000) 11/17 21:40:14 Job submitted from host: <188.184.90.241:9618?addrs=188.184.90.241-9618+[2001-1458-201-e4--100-2eb]-9618&alias=bigbird15.cern.ch&noUDP&sock=schedd_2206_b603>
...
040 (14579589.006.000) 11/17 21:44:34 Started transferring input files
	Transferring to host: <188.184.160.184:9618?addrs=188.184.160.184-9618+[2001-1458-301-48--100-b2]-9618&alias=b7s09p3092.cern.ch&noUDP&sock=slot1_14_3338_ac41_1841>
...
040 (14579589.006.000) 11/17 21:44:34 Finished transferring input files
...
001 (14579589.006.000) 11/17 21:44:34 Job executing on host: <188.184.160.184:9618?addrs=188.184.160.184-9618+[2001-1458-301-48--100-b2]-9618&alias=b7s09p3092.cern.ch&noUDP&sock=startd_2975_2e57>
...
006 (14579589.006.000) 11/17 21:44:43 Image size of job updated: 179940
	93  -  MemoryUsage of job (MB)
	95228  -  ResidentSetSize of job (KB)
...
006 (14579589.006.000) 11/17 21:44:48 Image size of job updated: 278080
	94  -  MemoryUsage of job (MB)
	95472  -  ResidentSetSize of job (KB)
...
040 (14579589.006.000) 11/17 21:44:48 Started transferring output files
...
040 (14579589.006.000) 11/17 21:44:48 Finished transferring output files
...
005 (14579589.006.000) 11/17 21:44:48 Job terminated.
	(1) Normal termination (return value 50)
		Usr 0 00:00:02, Sys 0 00:00:00  -  Run Remote Usage
		Usr 0 00:00:00, Sys 0 00:00:00  -  Run Local Usage
		Usr 0 00:00:02, Sys 0 00:00:00  -  Total Remote Usage
		Usr 0 00:00:00, Sys 0 00:00:00  -  Total Local Usage
	1391  -  Run Bytes Sent By Job
	883  -  Run Bytes Received By Job
	1391  -  Total Bytes Sent By Job
	883  -  Total Bytes Received By Job
	Partitionable Resources :    Usage  Request Allocated 
	   Cpus                 :                 1         1 
	   Disk (KB)            :       21        1   1374364 
	   Memory (MB)          :       94     2000      2000 

	Job terminated of its own accord at 2022-11-17T20:44:48Z.
...
