/cvmfs/ship.cern.ch/SHiP-2022/May/alibuild/alibuild_helpers /pool/condor/dir_20824
/pool/condor/dir_20824
Starting script.
[INFO] Media file used: /afs/cern.ch/user/e/edursov/private/SIMULATIONS/my_FairShip/sw/slc7_x86-64/FairShip/master-local1/geometry/media.geo
 Mag Spectro Design 3
[INFO] Opening input file /eos/experiment/ship/data/Mbias/background-prod-2018/pythia8_Geant4_10.0_withCharmandBeauty20000_mu.root
[INFO] FairRootFileSink initialized.
[INFO]  - cbmroot_0
[INFO]     - ./ship.conical.MuonBack-TGeant4.root
[INFO] ==============  FairRunSim: Initialising simulation run ==============
[INFO] FairGeoMedia: Read media 

************************************************************* 
     initialisation for run id 1673303882
************************************************************* 
[WARN] FairGenericVMCConfig::Setup() Using gConfig.C macro DEPRACATED.
[WARN] Check FairRoot/examples/common/gconfig/ for current YAML implementation.
[INFO] ---------------User config is used: g4Config.C
[INFO] ---User path for Configuration (g4Config.C) is used: /afs/cern.ch/user/e/edursov/private/SIMULATIONS/my_FairShip/sw/slc7_x86-64/FairShip/master-local1/gconfig
[INFO] ---User path for Cuts and Processes (SetCuts.C) is used: /afs/cern.ch/user/e/edursov/private/SIMULATIONS/my_FairShip/sw/slc7_x86-64/FairShip/master-local1/gconfig

=============================================================
 Virtual Monte Carlo Library
 Version 1.1.p1 ( 7 December 2021 )
=============================================================

=============================================================
 Geant4 Virtual Monte Carlo 
 Version 5.4 ( 3 December 2021 )
 WWW : http://root.cern.ch/drupal/content/geant4-vmc
=============================================================

Running TVirtualMCApplication::ConstructGeometry
target at -63.1425m 
Tau Nu Detector fDesign: 3
TARGET PRINTOUT: Single volume for emulsion film chosen: average density: 2 fraction in mass of emulsion 0.644444
tracking stations added
 Z Position (Upstream Tagger1) -2559.5
[INFO] TGeometry will be imported to VMC

isMaster=1

**************************************************************
 Geant4 version Name: geant4-10-07-patch-02    (11-June-2021)
                       Copyright : Geant4 Collaboration
                      References : NIM A 506 (2003), 250-303
                                 : IEEE-TNS 53 (2006), 270-278
                                 : NIM A 835 (2016), 186-225
                             WWW : http://geant4.org/
**************************************************************

===> GEANT4 materials created and mapped to TGeo ones...
===> GEANT4 physical volumes created and mapped to TGeo hierarchy...
### INFO: TG4RootDetectorConstruction::Construct() finished
TG4PostDetConstruction::Initialize
G4 Stat: instantiated 1237 logical volumes 
                      48226 physical volumes
The tables for UV photon tracking set for H2O
Adding HadronPhysicsList QGSP_BERT_HP_PEN
G4PhysListFactory::GetReferencePhysList <QGSP_BERT_HP_PEN>  EMoption= 6
<<< Geant4 Physics List simulation engine: QGSP_BERT_HP


<<< Reference Physics List QGSP_BERT_HP_PEN is built

Adding SpecialPhysicsList stepLimiter+specialCuts+
### TG4SpecialControlsV2 constructed
Visualization Manager instantiating with verbosity "warnings (3)"...
 -I g4Config() using g4conf  macro: /afs/cern.ch/user/e/edursov/private/SIMULATIONS/my_FairShip/sw/slc7_x86-64/FairShip/master-local1/gconfig/g4config.in
You are setting a new verbose level for Particle HP package.
the new value will be used in whole of the Particle HP package, i.e., models and cross sections for Capture, Elastic, Fission and Inelastic interaction.
SetCuts Macro: Setting Processes..
SetCuts Macro: Setting cuts..
TG4RootDetectorConstruction::ConstructSDandField
TG4PostDetConstruction::InitializeSDandField
[INFO] FairMCApplication::InitGeometry: 0
sc_pl_0,  Register() says: registered sco_0 collection
sc_pl_1,  Register() says: registered sco_1 collection
sc_pl_2,  Register() says: registered sco_2 collection
[INFO] Simulation RunID: 1673303882
### INFO: TG4RootDetectorConstruction::ConstructSDandField finished
The cross section for GammaConversionToMuons is artificially increased by the CrossSecFactor=1
The cross section for AnnihiToMuPair is artificially increased by the CrossSecFactor=1

 hInelastic QGSP_BERT_HP  Thresholds: 
    1) between BERT  and FTF/P over the interval 3 to 6 GeV. 
    2) between FTF/P and QGS/P over the interval 12 to 25 GeV. 
  -- quasiElastic: 1 for QGS  and 0 for FTF
/cvmfs/ship.cern.ch/SHiP-2022/May/sw//slc7_x86-64/GEANT4/v10.7.2-local1/share/Geant4-10.7.2/data/G4NDL4.6
@@@ G4ParticleHPInelastic instantiated for particle neutron data directory variable is G4NEUTRONHPDATA pointing to /cvmfs/ship.cern.ch/SHiP-2022/May/sw//slc7_x86-64/GEANT4/v10.7.2-local1/share/Geant4-10.7.2/data/G4NDL4.6/Inelastic
@@@ G4ParticleHPInelasticData instantiated for particle neutron data directory variable is G4NEUTRONHPDATA pointing to /cvmfs/ship.cern.ch/SHiP-2022/May/sw//slc7_x86-64/GEANT4/v10.7.2-local1/share/Geant4-10.7.2/data/G4NDL4.6
TG4ComposedPhysicsList::ConstructProcess done
Available UI session types: [ GAG, tcsh, csh ]

**********************************************
    GEANT4 Geometry statistics: 
           1237 logical volumes
          48226 physical volumes
             44 materials
             27 user limits
           1218 sensitive detectors
**********************************************

[INFO] Monte Carlo Engine Initialisation with: TGeant4
Creating field map called MainSpecMap using /afs/cern.ch/user/e/edursov/private/SIMULATIONS/my_FairShip/sw/slc7_x86-64/FairShip/master-local1/files/MainSpectrometerField.root
ShipBFieldMap::readMapFile() creating field MainSpecMap using file /afs/cern.ch/user/e/edursov/private/SIMULATIONS/my_FairShip/sw/slc7_x86-64/FairShip/master-local1/files/MainSpectrometerField.root
x limits: -470, 470, dx = 10
y limits: -550, 550, dy = 10
z limits: -990, 990, dz = 10
Offsets: x = 0, y = 0, z = 3068
Angles : phi = 0, theta = 0, psi = 0
Total number of bins = 2098455; Nx = 95, Ny = 111, Nz = 199
Setting the Global field
Adding field MainSpecMap to Global
[INFO] FairMCApplication::InitGeometry: 0
ShipFieldMaker plotField Bzx.png: type = 1
ShipFieldMaker plotField Bzy.png: type = 2

GammaToMuPair:  gamma->mu+mu- Bethe Heitler process, SubType= 15
        good cross section parametrization from 211.317 MeV to 1e+12 GeV for all Z.

AnnihiToMuPair:  e+e->mu+mu- annihilation, atomic e- at rest, SubType=.6
        threshold at 43.6931 GeV good description up to 1000 TeV for all Z.
======================================================================
======          Radioactive Decay Physics Parameters           =======
======================================================================
Max life time                                     1.4427e+06 ps
Internal e- conversion flag                       1
Stored internal conversion coefficients           1
Enable correlated gamma emission                  0
Max 2J for sampling of angular correlations       10
Atomic de-excitation enabled                      1
Auger electron emission enabled                   1
Auger cascade enabled                             1
Check EM cuts disabled for atomic de-excitation   1
Use Bearden atomic level energies                 0
======================================================================

=======================================================
======       ParticleHP Physics Parameters     ========
=======================================================
 UseOnlyPhotoEvaporation ? 0
 SkipMissingIsotopes ?     0
 NeglectDoppler ?          0
 DoNotAdjustFinalState ?   0
 ProduceFissionFragments ? 0
 UseWendtFissionModel ?    0
 UseNRESP71Model ?         0
=======================================================

@@@ G4ParticleHPInelastic instantiated for particle neutron data directory variable is G4NEUTRONHPDATA pointing to /cvmfs/ship.cern.ch/SHiP-2022/May/sw//slc7_x86-64/GEANT4/v10.7.2-local1/share/Geant4-10.7.2/data/G4NDL4.6/Inelastic

====================================================================
                  HADRONIC PROCESSES SUMMARY (verbose level 1)

---------------------------------------------------
                           Hadronic Processes for B-

  Process: hadElastic
        Model:              hElasticLHEP: 0 eV  ---> 100 TeV
     Cr_sctns:            Glauber-Gribov: 0 eV  ---> 100 TeV

  Process: B-Inelastic
        Model:                      QGSP: 12 GeV ---> 100 TeV
        Model:                      FTFP: 0 eV  ---> 25 GeV
     Cr_sctns:            Glauber-Gribov: 0 eV  ---> 100 TeV

---------------------------------------------------
                           Hadronic Processes for D-

  Process: hadElastic
        Model:              hElasticLHEP: 0 eV  ---> 100 TeV
     Cr_sctns:            Glauber-Gribov: 0 eV  ---> 100 TeV

  Process: D-Inelastic
        Model:                      QGSP: 12 GeV ---> 100 TeV
        Model:                      FTFP: 0 eV  ---> 25 GeV
     Cr_sctns:            Glauber-Gribov: 0 eV  ---> 100 TeV

---------------------------------------------------
                           Hadronic Processes for GenericIon

  Process: ionInelastic
        Model:  Binary Light Ion Cascade: 0 eV /n ---> 6 GeV/n
        Model:                      FTFP: 3 GeV/n ---> 100 TeV/n
     Cr_sctns:  Glauber-Gribov Nucl-nucl: 0 eV  ---> 25.6 PeV

  Process: RadioactiveDecayBase

---------------------------------------------------
                           Hadronic Processes for He3

  Process: hadElastic
        Model:              hElasticLHEP: 0 eV /n ---> 100 TeV/n
     Cr_sctns:  Glauber-Gribov Nucl-nucl: 0 eV  ---> 25.6 PeV

  Process: He3Inelastic
        Model:  Binary Light Ion Cascade: 0 eV /n ---> 6 GeV/n
        Model:                      FTFP: 3 GeV/n ---> 100 TeV/n
     Cr_sctns:  Glauber-Gribov Nucl-nucl: 0 eV  ---> 25.6 PeV

---------------------------------------------------
                           Hadronic Processes for alpha

  Process: hadElastic
        Model:              hElasticLHEP: 0 eV /n ---> 100 TeV/n
     Cr_sctns:  Glauber-Gribov Nucl-nucl: 0 eV  ---> 25.6 PeV

  Process: alphaInelastic
        Model:  Binary Light Ion Cascade: 0 eV /n ---> 6 GeV/n
        Model:                      FTFP: 3 GeV/n ---> 100 TeV/n
     Cr_sctns:  Glauber-Gribov Nucl-nucl: 0 eV  ---> 25.6 PeV

---------------------------------------------------
                           Hadronic Processes for anti_He3

  Process: hadElastic
        Model:              hElasticLHEP: 0 eV /n ---> 100.1 MeV/n
        Model:              AntiAElastic: 100 MeV/n ---> 100 TeV/n
     Cr_sctns:              AntiAGlauber: 0 eV  ---> 25.6 PeV

  Process: anti_He3Inelastic
        Model:                      FTFP: 0 eV /n ---> 100 TeV/n
     Cr_sctns:              AntiAGlauber: 0 eV  ---> 25.6 PeV

  Process: hFritiofCaptureAtRest

---------------------------------------------------
                           Hadronic Processes for anti_alpha

  Process: hadElastic
        Model:              hElasticLHEP: 0 eV /n ---> 100.1 MeV/n
        Model:              AntiAElastic: 100 MeV/n ---> 100 TeV/n
     Cr_sctns:              AntiAGlauber: 0 eV  ---> 25.6 PeV

  Process: anti_alphaInelastic
        Model:                      FTFP: 0 eV /n ---> 100 TeV/n
     Cr_sctns:              AntiAGlauber: 0 eV  ---> 25.6 PeV

  Process: hFritiofCaptureAtRest

---------------------------------------------------
                           Hadronic Processes for anti_deuteron

  Process: hadElastic
        Model:              hElasticLHEP: 0 eV /n ---> 100.1 MeV/n
        Model:              AntiAElastic: 100 MeV/n ---> 100 TeV/n
     Cr_sctns:              AntiAGlauber: 0 eV  ---> 25.6 PeV

  Process: anti_deuteronInelastic
        Model:                      FTFP: 0 eV /n ---> 100 TeV/n
     Cr_sctns:              AntiAGlauber: 0 eV  ---> 25.6 PeV

  Process: hFritiofCaptureAtRest

---------------------------------------------------
                           Hadronic Processes for anti_lambda

  Process: hadElastic
        Model:              hElasticLHEP: 0 eV  ---> 100 TeV
     Cr_sctns:            Glauber-Gribov: 0 eV  ---> 100 TeV

  Process: anti_lambdaInelastic
        Model:                      QGSP: 12 GeV ---> 100 TeV
        Model:                      FTFP: 0 eV  ---> 25 GeV
     Cr_sctns:            Glauber-Gribov: 0 eV  ---> 100 TeV

  Process: hFritiofCaptureAtRest

---------------------------------------------------
                           Hadronic Processes for anti_neutron

  Process: hadElastic
        Model:              hElasticLHEP: 0 eV  ---> 100.1 MeV
        Model:              AntiAElastic: 100 MeV ---> 100 TeV
     Cr_sctns:              AntiAGlauber: 0 eV  ---> 25.6 PeV

  Process: anti_neutronInelastic
        Model:                      FTFP: 0 eV  ---> 100 TeV
     Cr_sctns:              AntiAGlauber: 0 eV  ---> 25.6 PeV

  Process: hFritiofCaptureAtRest

---------------------------------------------------
                           Hadronic Processes for anti_proton

  Process: hadElastic
        Model:              hElasticLHEP: 0 eV  ---> 100.1 MeV
        Model:              AntiAElastic: 100 MeV ---> 100 TeV
     Cr_sctns:              AntiAGlauber: 0 eV  ---> 25.6 PeV

  Process: anti_protonInelastic
        Model:                      FTFP: 0 eV  ---> 100 TeV
     Cr_sctns:              AntiAGlauber: 0 eV  ---> 25.6 PeV

  Process: hFritiofCaptureAtRest

---------------------------------------------------
                           Hadronic Processes for anti_triton

  Process: hadElastic
        Model:              hElasticLHEP: 0 eV /n ---> 100.1 MeV/n
        Model:              AntiAElastic: 100 MeV/n ---> 100 TeV/n
     Cr_sctns:              AntiAGlauber: 0 eV  ---> 25.6 PeV

  Process: anti_tritonInelastic
        Model:                      FTFP: 0 eV /n ---> 100 TeV/n
     Cr_sctns:              AntiAGlauber: 0 eV  ---> 25.6 PeV

  Process: hFritiofCaptureAtRest

---------------------------------------------------
                           Hadronic Processes for deuteron

  Process: hadElastic
        Model:              hElasticLHEP: 0 eV /n ---> 100 TeV/n
     Cr_sctns:  Glauber-Gribov Nucl-nucl: 0 eV  ---> 25.6 PeV

  Process: dInelastic
        Model:  Binary Light Ion Cascade: 0 eV /n ---> 6 GeV/n
        Model:                      FTFP: 3 GeV/n ---> 100 TeV/n
     Cr_sctns:  Glauber-Gribov Nucl-nucl: 0 eV  ---> 25.6 PeV

---------------------------------------------------
                           Hadronic Processes for e+

  Process: electronNuclear
        Model:   G4ElectroVDNuclearModel: 0 eV  ---> 1 PeV
     Cr_sctns:          ElectroNuclearXS: 0 eV  ---> 100 TeV

---------------------------------------------------
                           Hadronic Processes for e-

  Process: electronNuclear
        Model:   G4ElectroVDNuclearModel: 0 eV  ---> 1 PeV
     Cr_sctns:          ElectroNuclearXS: 0 eV  ---> 100 TeV

---------------------------------------------------
                           Hadronic Processes for gamma

  Process: photonNuclear
        Model:               GammaNPreco: 0 eV  ---> 200 MeV
        Model:            BertiniCascade: 199 MeV ---> 6 GeV
        Model:           TheoFSGenerator: 3 GeV ---> 100 TeV
     Cr_sctns:            PhotoNuclearXS: 0 eV  ---> 100 TeV

---------------------------------------------------
                           Hadronic Processes for kaon+

  Process: hadElastic
        Model:              hElasticLHEP: 0 eV  ---> 100 TeV
     Cr_sctns:            Glauber-Gribov: 0 eV  ---> 100 TeV

  Process: kaon+Inelastic
        Model:                      QGSP: 12 GeV ---> 100 TeV
        Model:                      FTFP: 3 GeV ---> 25 GeV
        Model:            BertiniCascade: 0 eV  ---> 6 GeV
     Cr_sctns:            Glauber-Gribov: 0 eV  ---> 100 TeV

---------------------------------------------------
                           Hadronic Processes for kaon-

  Process: hadElastic
        Model:              hElasticLHEP: 0 eV  ---> 100 TeV
     Cr_sctns:            Glauber-Gribov: 0 eV  ---> 100 TeV

  Process: kaon-Inelastic
        Model:                      QGSP: 12 GeV ---> 100 TeV
        Model:                      FTFP: 3 GeV ---> 25 GeV
        Model:            BertiniCascade: 0 eV  ---> 6 GeV
     Cr_sctns:            Glauber-Gribov: 0 eV  ---> 100 TeV

  Process: hBertiniCaptureAtRest

---------------------------------------------------
                           Hadronic Processes for lambda

  Process: hadElastic
        Model:              hElasticLHEP: 0 eV  ---> 100 TeV
     Cr_sctns:            Glauber-Gribov: 0 eV  ---> 100 TeV

  Process: lambdaInelastic
        Model:                      QGSP: 12 GeV ---> 100 TeV
        Model:                      FTFP: 3 GeV ---> 25 GeV
        Model:            BertiniCascade: 0 eV  ---> 6 GeV
     Cr_sctns:            Glauber-Gribov: 0 eV  ---> 100 TeV

---------------------------------------------------
                           Hadronic Processes for mu+

  Process: muonNuclear
        Model:      G4MuonVDNuclearModel: 0 eV  ---> 1 PeV
     Cr_sctns:     KokoulinMuonNuclearXS: 0 eV  ---> 100 TeV

---------------------------------------------------
                           Hadronic Processes for mu-

  Process: muonNuclear
        Model:      G4MuonVDNuclearModel: 0 eV  ---> 1 PeV
     Cr_sctns:     KokoulinMuonNuclearXS: 0 eV  ---> 100 TeV

  Process: muMinusCaptureAtRest

---------------------------------------------------
                           Hadronic Processes for neutron

  Process: hadElastic
        Model:             hElasticCHIPS: 19.5 MeV ---> 100 TeV
        Model:          NeutronHPElastic: 0 eV  ---> 20 MeV
     Cr_sctns:        NeutronHPElasticXS: 0 eV  ---> 20 MeV
     Cr_sctns:        G4NeutronElasticXS: 0 eV  ---> 100 TeV

  Process: neutronInelastic
        Model:                      QGSP: 12 GeV ---> 100 TeV
        Model:                      FTFP: 3 GeV ---> 25 GeV
        Model:            BertiniCascade: 19.9 MeV ---> 6 GeV
        Model:        NeutronHPInelastic: 0 eV  ---> 20 MeV
     Cr_sctns:      NeutronHPInelasticXS: 0 eV  ---> 20 MeV
     Cr_sctns:      G4NeutronInelasticXS: 0 eV  ---> 100 TeV

  Process: nCapture
        Model:          NeutronHPCapture: 0 eV  ---> 20 MeV
        Model:               nRadCapture: 19.9 MeV ---> 100 TeV
     Cr_sctns:        NeutronHPCaptureXS: 0 eV  ---> 20 MeV
     Cr_sctns:        G4NeutronCaptureXS: 0 eV  ---> 100 TeV

  Process: nFission
        Model:          NeutronHPFission: 0 eV  ---> 20 MeV
        Model:                G4LFission: 19.9 MeV ---> 100 TeV
     Cr_sctns:        NeutronHPFissionXS: 0 eV  ---> 20 MeV
     Cr_sctns:          GheishaFissionXS: 0 eV  ---> 100 TeV

---------------------------------------------------
                           Hadronic Processes for pi+

  Process: hadElastic
        Model:           hElasticGlauber: 0 eV  ---> 100 TeV
     Cr_sctns:  BarashenkovGlauberGribov: 0 eV  ---> 100 TeV

  Process: pi+Inelastic
        Model:                      QGSP: 12 GeV ---> 100 TeV
        Model:                      FTFP: 3 GeV ---> 25 GeV
        Model:            BertiniCascade: 0 eV  ---> 6 GeV
     Cr_sctns:  BarashenkovGlauberGribov: 0 eV  ---> 100 TeV

---------------------------------------------------
                           Hadronic Processes for pi-

  Process: hadElastic
        Model:           hElasticGlauber: 0 eV  ---> 100 TeV
     Cr_sctns:  BarashenkovGlauberGribov: 0 eV  ---> 100 TeV

  Process: pi-Inelastic
        Model:                      QGSP: 12 GeV ---> 100 TeV
        Model:                      FTFP: 3 GeV ---> 25 GeV
        Model:            BertiniCascade: 0 eV  ---> 6 GeV
     Cr_sctns:  BarashenkovGlauberGribov: 0 eV  ---> 100 TeV

  Process: hBertiniCaptureAtRest

---------------------------------------------------
                           Hadronic Processes for proton

  Process: hadElastic
        Model:             hElasticCHIPS: 0 eV  ---> 100 TeV
     Cr_sctns:  BarashenkovGlauberGribov: 0 eV  ---> 100 TeV

  Process: protonInelastic
        Model:                      QGSP: 12 GeV ---> 100 TeV
        Model:                      FTFP: 3 GeV ---> 25 GeV
        Model:            BertiniCascade: 0 eV  ---> 6 GeV
     Cr_sctns:  BarashenkovGlauberGribov: 0 eV  ---> 100 TeV

---------------------------------------------------
                           Hadronic Processes for sigma-

  Process: hadElastic
        Model:              hElasticLHEP: 0 eV  ---> 100 TeV
     Cr_sctns:            Glauber-Gribov: 0 eV  ---> 100 TeV

  Process: sigma-Inelastic
        Model:                      QGSP: 12 GeV ---> 100 TeV
        Model:                      FTFP: 3 GeV ---> 25 GeV
        Model:            BertiniCascade: 0 eV  ---> 6 GeV
     Cr_sctns:            Glauber-Gribov: 0 eV  ---> 100 TeV

  Process: hBertiniCaptureAtRest

---------------------------------------------------
                           Hadronic Processes for triton

  Process: hadElastic
        Model:              hElasticLHEP: 0 eV /n ---> 100 TeV/n
     Cr_sctns:  Glauber-Gribov Nucl-nucl: 0 eV  ---> 25.6 PeV

  Process: tInelastic
        Model:  Binary Light Ion Cascade: 0 eV /n ---> 6 GeV/n
        Model:                      FTFP: 3 GeV/n ---> 100 TeV/n
     Cr_sctns:  Glauber-Gribov Nucl-nucl: 0 eV  ---> 25.6 PeV

================================================================
=======================================================================
======       Pre-compound/De-excitation Physics Parameters     ========
=======================================================================
Type of pre-compound inverse x-section              3
Pre-compound model active                           1
Pre-compound excitation low energy (MeV)            0.1
Pre-compound excitation high energy (MeV)           30
Type of de-excitation inverse x-section             3
Type of de-excitation factory                       Evaporation+GEM
Number of de-excitation channels                    68
Min excitation energy (keV)                         0.01
Min energy per nucleon for multifragmentation (MeV) 2e+05
Limit excitation energy for Fermi BreakUp (MeV)     20
Level density (1/MeV)                               0.075
Use simple level density model                      1
Use discrete excitation energy of the residual      0
Time limit for long lived isomeres (ns)             1442.7
Isomer production flag                              1
Internal e- conversion flag                         1
Store e- internal conversion data                   1
Electron internal conversion ID                     0
Correlated gamma emission flag                      0
Max 2J for sampling of angular correlations         10
=======================================================================
[INFO] Reading event 5700000
[INFO] Reading event 5800000
[INFO] Reading event 5900000
[INFO] ***  FairBaseParSet written to ROOT file   version: 1
[INFO] ***  FairGeoParSet written to ROOT file   version: 1
---------------------------------------------------------------------------
FairBaseContFact:  Factory for parameter containers in libSts
---------------------------------------------------------------------------
FairBaseParSet	class for parameter io
     actual context:  DefaultContext
FairGeoParSet	class for Geo parameter
     actual context:  DefaultContext
--------------------------------------------------------------------------------
--------------  actual containers in runtime database  -------------------------
FairBaseParSet                                 class for parameter io
FairGeoParSet                                  class for Geo parameter
--------------  runs, versions  ------------------------------------------------
run id
  container                                        1st-inp    2nd-inp    output
run: 1673303882
  FairBaseParSet                                1673303882         -1          1
  FairGeoParSet                                 1673303882         -1          1
--------------  input/output  --------------------------------------------------
first input: none
second input: none
output:
OBJ: FairParRootFile	./ship.params.conical.MuonBack-TGeant4.root	 : 0 at: 0xb58271d0
Root file I/O ./ship.params.conical.MuonBack-TGeant4.root is open
detector I/Os:  FairGenericParIo
FairShip setup for MuonBack to produce 311902 events
Load geo
Load geo
Process  311902  from input file, with Phi random= False  with MCTracksWithHitsOnly True
Calling addVMCFields
 
Macro finished succesfully.
Output file is  ./ship.conical.MuonBack-TGeant4.root
Parameter file is  ./ship.params.conical.MuonBack-TGeant4.root
Real time  47288.39353394508  s, CPU time  42213.49 s
removed empty events, left with: 10690
Exit normally
