000 (14579589.009.000) 11/17 21:40:14 Job submitted from host: <188.184.90.241:9618?addrs=188.184.90.241-9618+[2001-1458-201-e4--100-2eb]-9618&alias=bigbird15.cern.ch&noUDP&sock=schedd_2206_b603>
...
040 (14579589.009.000) 11/17 21:44:47 Started transferring input files
	Transferring to host: <128.142.248.105:9618?addrs=128.142.248.105-9618+[2001-1458-301-73--100-159]-9618&alias=b7g23p1831.cern.ch&noUDP&sock=slot1_18_32363_693d_68989>
...
040 (14579589.009.000) 11/17 21:44:47 Finished transferring input files
...
001 (14579589.009.000) 11/17 21:44:47 Job executing on host: <128.142.248.105:9618?addrs=128.142.248.105-9618+[2001-1458-301-73--100-159]-9618&alias=b7g23p1831.cern.ch&noUDP&sock=startd_32326_8695>
...
006 (14579589.009.000) 11/17 21:44:55 Image size of job updated: 3604
	1  -  MemoryUsage of job (MB)
	468  -  ResidentSetSize of job (KB)
...
006 (14579589.009.000) 11/17 21:46:28 Image size of job updated: 896444
	1  -  MemoryUsage of job (MB)
	468  -  ResidentSetSize of job (KB)
...
040 (14579589.009.000) 11/17 21:46:28 Started transferring output files
...
040 (14579589.009.000) 11/17 21:46:28 Finished transferring output files
...
005 (14579589.009.000) 11/17 21:46:28 Job terminated.
	(1) Normal termination (return value 50)
		Usr 0 00:00:03, Sys 0 00:00:02  -  Run Remote Usage
		Usr 0 00:00:00, Sys 0 00:00:00  -  Run Local Usage
		Usr 0 00:00:03, Sys 0 00:00:02  -  Total Remote Usage
		Usr 0 00:00:00, Sys 0 00:00:00  -  Total Local Usage
	1394  -  Run Bytes Sent By Job
	883  -  Run Bytes Received By Job
	1394  -  Total Bytes Sent By Job
	883  -  Total Bytes Received By Job
	Partitionable Resources :    Usage  Request Allocated 
	   Cpus                 :                 1         1 
	   Disk (KB)            :       21        1   2926783 
	   Memory (MB)          :        1     2000      2000 

	Job terminated of its own accord at 2022-11-17T20:46:28Z.
...
