000 (14579589.002.000) 11/17 21:40:14 Job submitted from host: <188.184.90.241:9618?addrs=188.184.90.241-9618+[2001-1458-201-e4--100-2eb]-9618&alias=bigbird15.cern.ch&noUDP&sock=schedd_2206_b603>
...
040 (14579589.002.000) 11/17 21:44:33 Started transferring input files
	Transferring to host: <128.142.61.123:9618?addrs=128.142.61.123-9618+[2001-1458-301-23--100-7a]-9618&alias=b7s06p7679.cern.ch&noUDP&sock=slot1_48_4066_9d5e_3030>
...
040 (14579589.002.000) 11/17 21:44:33 Finished transferring input files
...
001 (14579589.002.000) 11/17 21:44:33 Job executing on host: <128.142.61.123:9618?addrs=128.142.61.123-9618+[2001-1458-301-23--100-7a]-9618&alias=b7s06p7679.cern.ch&noUDP&sock=startd_3994_2159>
...
006 (14579589.002.000) 11/17 21:44:43 Image size of job updated: 254172
	128  -  MemoryUsage of job (MB)
	130452  -  ResidentSetSize of job (KB)
...
006 (14579589.002.000) 11/17 21:44:46 Image size of job updated: 1544460
	128  -  MemoryUsage of job (MB)
	130460  -  ResidentSetSize of job (KB)
...
040 (14579589.002.000) 11/17 21:44:46 Started transferring output files
...
040 (14579589.002.000) 11/17 21:44:46 Finished transferring output files
...
005 (14579589.002.000) 11/17 21:44:46 Job terminated.
	(1) Normal termination (return value 50)
		Usr 0 00:00:02, Sys 0 00:00:00  -  Run Remote Usage
		Usr 0 00:00:00, Sys 0 00:00:00  -  Run Local Usage
		Usr 0 00:00:02, Sys 0 00:00:00  -  Total Remote Usage
		Usr 0 00:00:00, Sys 0 00:00:00  -  Total Local Usage
	1387  -  Run Bytes Sent By Job
	883  -  Run Bytes Received By Job
	1387  -  Total Bytes Sent By Job
	883  -  Total Bytes Received By Job
	Partitionable Resources :    Usage  Request Allocated 
	   Cpus                 :                 1         1 
	   Disk (KB)            :       21        1   1276058 
	   Memory (MB)          :      128     2000      2000 

	Job terminated of its own accord at 2022-11-17T20:44:46Z.
...
