000 (14579589.003.000) 11/17 21:40:14 Job submitted from host: <188.184.90.241:9618?addrs=188.184.90.241-9618+[2001-1458-201-e4--100-2eb]-9618&alias=bigbird15.cern.ch&noUDP&sock=schedd_2206_b603>
...
040 (14579589.003.000) 11/17 21:44:34 Started transferring input files
	Transferring to host: <128.142.248.118:9618?addrs=128.142.248.118-9618+[2001-1458-301-73--100-166]-9618&alias=b7g23p2143.cern.ch&noUDP&sock=slot1_17_4374_a0eb_2384>
...
040 (14579589.003.000) 11/17 21:44:34 Finished transferring input files
...
001 (14579589.003.000) 11/17 21:44:34 Job executing on host: <128.142.248.118:9618?addrs=128.142.248.118-9618+[2001-1458-301-73--100-166]-9618&alias=b7g23p2143.cern.ch&noUDP&sock=startd_3387_c75c>
...
006 (14579589.003.000) 11/17 21:44:42 Image size of job updated: 1006300
	0  -  MemoryUsage of job (MB)
	0  -  ResidentSetSize of job (KB)
...
040 (14579589.003.000) 11/17 21:44:42 Started transferring output files
...
040 (14579589.003.000) 11/17 21:44:43 Finished transferring output files
...
005 (14579589.003.000) 11/17 21:44:43 Job terminated.
	(1) Normal termination (return value 50)
		Usr 0 00:00:02, Sys 0 00:00:00  -  Run Remote Usage
		Usr 0 00:00:00, Sys 0 00:00:00  -  Run Local Usage
		Usr 0 00:00:02, Sys 0 00:00:00  -  Total Remote Usage
		Usr 0 00:00:00, Sys 0 00:00:00  -  Total Local Usage
	1391  -  Run Bytes Sent By Job
	883  -  Run Bytes Received By Job
	1391  -  Total Bytes Sent By Job
	883  -  Total Bytes Received By Job
	Partitionable Resources :    Usage  Request Allocated 
	   Cpus                 :                 1         1 
	   Disk (KB)            :       21        1   3104291 
	   Memory (MB)          :        0     2000      2000 

	Job terminated of its own accord at 2022-11-17T20:44:42Z.
...
